<?xml version="1.0" encoding="UTF-8"?>
<!-- Generated by org.testng.reporters.JUnitReportReporter -->
<testsuite hostname="Sharmilas-MacBook-Air.local" failures="0" tests="2" name="automation_testng.Radio_Button_Test" time="5.599" errors="0" timestamp="31 May 2019 05:47:46 GMT">
  <testcase classname="automation_testng.Radio_Button_Test" name="test_roundtrip_rbutton" time="5.292"/>
  <testcase classname="automation_testng.Radio_Button_Test" name="test_oneway_rbutton" time="0.307"/>
</testsuite> <!-- automation_testng.Radio_Button_Test -->
